<?xml version="1.0" encoding="UTF-8"?>
<testsuite xmlns:xsi="http://www.w3.org/2001/XMLSchema-instance" xsi:schemaLocation="https://maven.apache.org/surefire/maven-surefire-plugin/xsd/surefire-test-report.xsd" name="CreateQuestionBLBMTest" time="1.589" tests="3" errors="3" skipped="0" failures="0">
  <properties>
[...]
</properties>
  <testcase name="test1" classname="CreateQuestionBLBMTest" time="1.403">
    <error message="Can&apos;t find bundle for base name Etiquetas, locale es_ES" type="java.util.MissingResourceException">java.util.MissingResourceException: Can't find bundle for base name Etiquetas, locale es_ES
	at CreateQuestionBLBMTest.test1(CreateQuestionBLBMTest.java:60)
</error>
    <system-out><![CDATA[Creating BLFacadeImplementation instance with DataAccess parameter
Read from config.xml: 	 businessLogicLocal=true	 databaseLocal=true	 dataBaseOpenMode=initialize
]]></system-out>
  </testcase>
  <testcase name="test3" classname="CreateQuestionBLBMTest" time="0.003">
    <error type="java.lang.NullPointerException">java.lang.NullPointerException
	at CreateQuestionBLBMTest.test3(CreateQuestionBLBMTest.java:109)
</error>
    <system-out><![CDATA[Creating BLFacadeImplementation instance with DataAccess parameter
]]></system-out>
  </testcase>
  <testcase name="test7" classname="CreateQuestionBLBMTest" time="0.004">
    <error message="Can&apos;t find bundle for base name Etiquetas, locale es_ES" type="java.util.MissingResourceException">java.util.MissingResourceException: Can't find bundle for base name Etiquetas, locale es_ES
	at CreateQuestionBLBMTest.test7(CreateQuestionBLBMTest.java:149)
</error>
    <system-out><![CDATA[Creating BLFacadeImplementation instance with DataAccess parameter
]]></system-out>
  </testcase>
</testsuite>